average                                             I frame                                             P frame                                             B frame
bitrate(kb/s) 	psnr(Y) 	psnr(U) 	psnr(V) 	bitrate(kb/s) 	psnr(Y) 	psnr(U) 	psnr(V) 	bitrate(kb/s) 	psnr(Y) 	psnr(U) 	psnr(V) 	bitrate(kb/s) 	psnr(Y) 	psnr(U) 	psnr(V)
0.00          	0.000   	0.000   	0.000   	7704.15       	45.086  	46.662  	46.819  	BasketballPass_22
0.00          	0.000   	0.000   	0.000   	4663.75       	41.471  	43.682  	43.721  	BasketballPass_27
0.00          	0.000   	0.000   	0.000   	2638.68       	37.889  	40.491  	40.356  	BasketballPass_32
0.00          	0.000   	0.000   	0.000   	1433.60       	34.535  	38.177  	37.809  	BasketballPass_37
0.00          	0.000   	0.000   	0.000   	16053.35      	43.903  	45.346  	45.769  	BQSquare_22
0.00          	0.000   	0.000   	0.000   	10902.53      	39.435  	42.117  	42.881  	BQSquare_27
0.00          	0.000   	0.000   	0.000   	6914.66       	35.116  	39.738  	40.455  	BQSquare_32
0.00          	0.000   	0.000   	0.000   	4406.04       	31.411  	38.191  	38.615  	BQSquare_37
0.00          	0.000   	0.000   	0.000   	14792.55      	43.599  	44.117  	45.199  	BlowingBubbles_22
0.00          	0.000   	0.000   	0.000   	9021.96       	39.169  	41.119  	42.036  	BlowingBubbles_27
0.00          	0.000   	0.000   	0.000   	5051.46       	35.211  	38.273  	38.946  	BlowingBubbles_32
0.00          	0.000   	0.000   	0.000   	2625.89       	31.707  	36.068  	36.612  	BlowingBubbles_37
0.00          	0.000   	0.000   	0.000   	12061.37      	44.704  	45.247  	45.628  	RaceHorses_22
0.00          	0.000   	0.000   	0.000   	7750.53       	40.520  	41.763  	42.445  	RaceHorses_27
0.00          	0.000   	0.000   	0.000   	4495.72       	36.331  	38.642  	39.254  	RaceHorses_32
0.00          	0.000   	0.000   	0.000   	2315.93       	32.451  	36.348  	36.620  	RaceHorses_37
0.00          	0.000   	0.000   	0.000   	33809.15      	43.776  	45.200  	46.077  	BasketballDrill_22
0.00          	0.000   	0.000   	0.000   	18458.42      	40.127  	42.614  	43.033  	BasketballDrill_27
0.00          	0.000   	0.000   	0.000   	9711.85       	36.915  	39.716  	39.816  	BasketballDrill_32
0.00          	0.000   	0.000   	0.000   	5138.00       	34.142  	37.305  	37.190  	BasketballDrill_37
0.00          	0.000   	0.000   	0.000   	36780.23      	43.360  	45.010  	46.189  	BQMall_22
0.00          	0.000   	0.000   	0.000   	21900.35      	40.204  	42.574  	43.467  	BQMall_27
0.00          	0.000   	0.000   	0.000   	13018.67      	37.019  	40.154  	40.608  	BQMall_32
0.00          	0.000   	0.000   	0.000   	7413.33       	33.709  	38.191  	38.335  	BQMall_37
0.00          	0.000   	0.000   	0.000   	71902.16      	43.771  	44.143  	44.819  	PartyScene_22
0.00          	0.000   	0.000   	0.000   	46951.57      	39.047  	40.696  	41.241  	PartyScene_27
0.00          	0.000   	0.000   	0.000   	28583.88      	34.842  	37.541  	37.890  	PartyScene_32
0.00          	0.000   	0.000   	0.000   	16279.89      	30.905  	35.369  	35.569  	PartyScene_37
0.00          	0.000   	0.000   	0.000   	43215.84      	44.511  	45.505  	45.854  	RaceHorsesC_22
0.00          	0.000   	0.000   	0.000   	27161.78      	40.710  	42.049  	42.809  	RaceHorsesC_27
0.00          	0.000   	0.000   	0.000   	16297.93      	36.945  	38.824  	40.188  	RaceHorsesC_32
0.00          	0.000   	0.000   	0.000   	8768.88       	33.060  	36.790  	38.024  	RaceHorsesC_37
0.00          	0.000   	0.000   	0.000   	40428.91      	45.237  	47.937  	48.986  	FourPeople_22
0.00          	0.000   	0.000   	0.000   	24021.00      	42.692  	45.744  	46.961  	FourPeople_27
0.00          	0.000   	0.000   	0.000   	14646.25      	39.925  	43.336  	44.597  	FourPeople_32
0.00          	0.000   	0.000   	0.000   	8935.18       	36.908  	41.262  	42.359  	FourPeople_37
0.00          	0.000   	0.000   	0.000   	28501.30      	45.288  	48.886  	49.393  	Johnny_22
0.00          	0.000   	0.000   	0.000   	15210.03      	43.061  	47.267  	47.819  	Johnny_27
0.00          	0.000   	0.000   	0.000   	8492.48       	40.785  	45.069  	45.555  	Johnny_32
0.00          	0.000   	0.000   	0.000   	4902.83       	38.330  	42.873  	43.336  	Johnny_37
0.00          	0.000   	0.000   	0.000   	30576.34      	45.700  	48.451  	49.228  	KristenAndSara_22
0.00          	0.000   	0.000   	0.000   	17816.44      	43.437  	46.566  	47.430  	KristenAndSara_27
0.00          	0.000   	0.000   	0.000   	10599.15      	40.874  	44.218  	45.221  	KristenAndSara_32
0.00          	0.000   	0.000   	0.000   	6364.64       	38.039  	42.077  	43.028  	KristenAndSara_37
0.00          	0.000   	0.000   	0.000   	66822.57      	43.788  	45.614  	47.599  	Kimono_22
0.00          	0.000   	0.000   	0.000   	34693.65      	42.434  	43.691  	45.237  	Kimono_27
0.00          	0.000   	0.000   	0.000   	20116.68      	40.905  	41.830  	43.062  	Kimono_32
0.00          	0.000   	0.000   	0.000   	11934.72      	38.801  	40.232  	41.588  	Kimono_37
0.00          	0.000   	0.000   	0.000   	184941.61     	43.497  	44.661  	45.667  	ParkScene_22
0.00          	0.000   	0.000   	0.000   	100572.20     	40.254  	41.905  	42.695  	ParkScene_27
0.00          	0.000   	0.000   	0.000   	52562.42      	37.170  	39.296  	40.252  	ParkScene_32
0.00          	0.000   	0.000   	0.000   	26315.55      	34.226  	37.410  	38.945  	ParkScene_37
0.00          	0.000   	0.000   	0.000   	213899.50     	43.339  	43.392  	45.224  	Cactus_22
0.00          	0.000   	0.000   	0.000   	88732.15      	39.143  	40.286  	43.032  	Cactus_27
0.00          	0.000   	0.000   	0.000   	45445.06      	36.790  	38.654  	40.827  	Cactus_32
0.00          	0.000   	0.000   	0.000   	24376.73      	34.375  	37.459  	38.945  	Cactus_37
0.00          	0.000   	0.000   	0.000   	154008.80     	44.638  	45.259  	47.068  	BasketballDrive_22
0.00          	0.000   	0.000   	0.000   	47649.36      	39.948  	43.995  	45.300  	BasketballDrive_27
0.00          	0.000   	0.000   	0.000   	22078.39      	38.119  	42.369  	42.859  	BasketballDrive_32
0.00          	0.000   	0.000   	0.000   	11981.61      	36.399  	40.714  	40.672  	BasketballDrive_37
0.00          	0.000   	0.000   	0.000   	225873.89     	45.301  	44.477  	45.747  	BQTerrace_22
0.00          	0.000   	0.000   	0.000   	130076.74     	40.143  	41.905  	43.719  	BQTerrace_27
0.00          	0.000   	0.000   	0.000   	65128.85      	36.161  	39.578  	41.773  	BQTerrace_32
0.00          	0.000   	0.000   	0.000   	35694.88      	33.243  	37.950  	40.221  	BQTerrace_37
0.00          	0.000   	0.000   	0.000   	278061.82     	45.157  	44.490  	46.162  	Traffic_22
0.00          	0.000   	0.000   	0.000   	157020.40     	41.884  	41.621  	43.537  	Traffic_27
0.00          	0.000   	0.000   	0.000   	87321.97      	38.717  	39.037  	41.099  	Traffic_32
0.00          	0.000   	0.000   	0.000   	48902.51      	35.652  	37.130  	39.335  	Traffic_37
0.00          	0.000   	0.000   	0.000   	277217.95     	45.180  	46.764  	46.265  	PeopleOnStreet_22
0.00          	0.000   	0.000   	0.000   	163590.16     	41.652  	44.451  	44.486  	PeopleOnStreet_27
0.00          	0.000   	0.000   	0.000   	92606.64      	38.297  	41.941  	42.503  	PeopleOnStreet_32
0.00          	0.000   	0.000   	0.000   	52350.06      	35.254  	39.825  	40.658  	PeopleOnStreet_37
